<?xml version="1.0" encoding="UTF-8"?>
<testsuite name="com.api.market.MarketApplicationTests" tests="1" skipped="0" failures="0" errors="0" timestamp="2024-12-21T23:11:00" hostname="LAPNELSON" time="0.545">
  <properties/>
  <testcase name="contextLoads()" classname="com.api.market.MarketApplicationTests" time="0.545"/>
  <system-out><![CDATA[18:10:46.930 [Test worker] INFO org.springframework.test.context.support.AnnotationConfigContextLoaderUtils -- Could not detect default configuration classes for test class [com.api.market.MarketApplicationTests]: MarketApplicationTests does not declare any static, non-private, non-final, nested classes annotated with @Configuration.
18:10:47.199 [Test worker] INFO org.springframework.boot.test.context.SpringBootTestContextBootstrapper -- Found @SpringBootConfiguration com.api.market.MarketApplication for test class com.api.market.MarketApplicationTests

  .   ____          _            __ _ _
 /\\ / ___'_ __ _ _(_)_ __  __ _ \ \ \ \
( ( )\___ | '_ | '_| | '_ \/ _` | \ \ \ \
 \\/  ___)| |_)| | | | | || (_| |  ) ) ) )
  '  |____| .__|_| |_|_| |_\__, | / / / /
 =========|_|==============|___/=/_/_/_/

 :: Spring Boot ::                (v3.4.1)

2024-12-21T18:10:47.992-05:00  INFO 22508 --- [market] [    Test worker] com.api.market.MarketApplicationTests    : Starting MarketApplicationTests using Java 21.0.5 with PID 22508 (started by nelso in C:\Users\nelso\Desktop\programing\spring\market)
2024-12-21T18:10:47.997-05:00  INFO 22508 --- [market] [    Test worker] com.api.market.MarketApplicationTests    : No active profile set, falling back to 1 default profile: "default"
2024-12-21T18:10:51.229-05:00  INFO 22508 --- [market] [    Test worker] .s.d.r.c.RepositoryConfigurationDelegate : Bootstrapping Spring Data JPA repositories in DEFAULT mode.
2024-12-21T18:10:51.320-05:00  INFO 22508 --- [market] [    Test worker] .s.d.r.c.RepositoryConfigurationDelegate : Finished Spring Data repository scanning in 78 ms. Found 2 JPA repository interfaces.
2024-12-21T18:10:53.088-05:00  INFO 22508 --- [market] [    Test worker] o.hibernate.jpa.internal.util.LogHelper  : HHH000204: Processing PersistenceUnitInfo [name: default]
2024-12-21T18:10:53.326-05:00  INFO 22508 --- [market] [    Test worker] org.hibernate.Version                    : HHH000412: Hibernate ORM core version 6.6.4.Final
2024-12-21T18:10:53.430-05:00  INFO 22508 --- [market] [    Test worker] o.h.c.internal.RegionFactoryInitiator    : HHH000026: Second-level cache disabled
2024-12-21T18:10:54.109-05:00  INFO 22508 --- [market] [    Test worker] o.s.o.j.p.SpringPersistenceUnitInfo      : No LoadTimeWeaver setup: ignoring JPA class transformer
2024-12-21T18:10:54.166-05:00  INFO 22508 --- [market] [    Test worker] com.zaxxer.hikari.HikariDataSource       : HikariPool-1 - Starting...
2024-12-21T18:10:54.943-05:00  INFO 22508 --- [market] [    Test worker] com.zaxxer.hikari.pool.HikariPool        : HikariPool-1 - Added connection com.mysql.cj.jdbc.ConnectionImpl@17e2835c
2024-12-21T18:10:54.951-05:00  INFO 22508 --- [market] [    Test worker] com.zaxxer.hikari.HikariDataSource       : HikariPool-1 - Start completed.
2024-12-21T18:10:55.130-05:00  WARN 22508 --- [market] [    Test worker] org.hibernate.orm.deprecation            : HHH90000025: MySQLDialect does not need to be specified explicitly using 'hibernate.dialect' (remove the property setting and it will be selected by default)
2024-12-21T18:10:55.179-05:00  INFO 22508 --- [market] [    Test worker] org.hibernate.orm.connections.pooling    : HHH10001005: Database info:
	Database JDBC URL [Connecting through datasource 'HikariDataSource (HikariPool-1)']
	Database driver: undefined/unknown
	Database version: 8.0.36
	Autocommit mode: undefined/unknown
	Isolation level: undefined/unknown
	Minimum pool size: undefined/unknown
	Maximum pool size: undefined/unknown
2024-12-21T18:10:56.695-05:00  INFO 22508 --- [market] [    Test worker] o.h.e.t.j.p.i.JtaPlatformInitiator       : HHH000489: No JTA platform available (set 'hibernate.transaction.jta.platform' to enable JTA platform integration)
2024-12-21T18:10:56.878-05:00  INFO 22508 --- [market] [    Test worker] j.LocalContainerEntityManagerFactoryBean : Initialized JPA EntityManagerFactory for persistence unit 'default'
2024-12-21T18:10:57.927-05:00  INFO 22508 --- [market] [    Test worker] r$InitializeUserDetailsManagerConfigurer : Global AuthenticationManager configured with UserDetailsService bean with name userDetailsService
2024-12-21T18:10:58.922-05:00  INFO 22508 --- [market] [    Test worker] o.s.b.a.e.web.EndpointLinksResolver      : Exposing 1 endpoint beneath base path '/actuator'
2024-12-21T18:11:00.074-05:00  INFO 22508 --- [market] [    Test worker] com.api.market.MarketApplicationTests    : Started MarketApplicationTests in 12.563 seconds (process running for 14.766)
]]></system-out>
  <system-err><![CDATA[Mockito is currently self-attaching to enable the inline-mock-maker. This will no longer work in future releases of the JDK. Please add Mockito as an agent to your build what is described in Mockito's documentation: https://javadoc.io/doc/org.mockito/mockito-core/latest/org/mockito/Mockito.html#0.3
WARNING: A Java agent has been loaded dynamically (C:\Users\nelso\.gradle\caches\modules-2\files-2.1\net.bytebuddy\byte-buddy-agent\1.15.11\a38b16385e867f59a641330f0362ebe742788ed8\byte-buddy-agent-1.15.11.jar)
WARNING: If a serviceability tool is in use, please run with -XX:+EnableDynamicAgentLoading to hide this warning
WARNING: If a serviceability tool is not in use, please run with -Djdk.instrument.traceUsage for more information
WARNING: Dynamic loading of agents will be disallowed by default in a future release
]]></system-err>
</testsuite>
